-------------------------------------------------------------------------------
Test set: com.learnermanagement.LearnerManagementSystem.serviceTest.CourseServiceTest
-------------------------------------------------------------------------------
Tests run: 1, Failures: 0, Errors: 1, Skipped: 0, Time elapsed: 4.287 s <<< FAILURE! -- in com.learnermanagement.LearnerManagementSystem.serviceTest.CourseServiceTest
com.learnermanagement.LearnerManagementSystem.serviceTest.CourseServiceTest.givenCohortsAndCourses_whenAssigning_thenCohortsAreAssignedToCourses -- Time elapsed: 4.176 s <<< ERROR!
java.lang.NullPointerException: Cannot invoke "com.learnermanagement.LearnerManagementSystem.entity.Course.getId()" because "course" is null
	at com.learnermanagement.LearnerManagementSystem.mapper.CourseMapper.toCourseDTO(CourseMapper.java:16)
	at com.learnermanagement.LearnerManagementSystem.mapper.CourseMapper.toCourseDTOWithCohorts(CourseMapper.java:41)
	at com.learnermanagement.LearnerManagementSystem.service.CourseService.assignCohortsTOCourses(CourseService.java:63)
	at com.learnermanagement.LearnerManagementSystem.serviceTest.CourseServiceTest.givenCohortsAndCourses_whenAssigning_thenCohortsAreAssignedToCourses(CourseServiceTest.java:111)
	at java.base/java.lang.reflect.Method.invoke(Method.java:568)
	at java.base/java.util.ArrayList.forEach(ArrayList.java:1511)
	at java.base/java.util.ArrayList.forEach(ArrayList.java:1511)

